Using pre-set license
Built from '2020.3/release' branch; Version is '2020.3.12f1 (b3b2c6512326) revision 11776710'; Using compiler version '192528614'; Build Type 'Release'
OS: 'Windows 10 Enterprise LTSC 2019; OS build 17763.2061; Version 1809; 64bit' Language: 'ru' Physical Memory: 16329 MB
BatchMode: 1, IsHumanControllingUs: 0, StartBugReporterOnCrash: 0, Is64bit: 1, IsPro: 0

 COMMAND LINE ARGUMENTS:
C:\Program Files\Unity\Hub\Editor\2020.3.12f1\Editor\Unity.exe
-adb2
-batchMode
-noUpm
-name
AssetImportWorker0
-projectPath
E:/Unity Projects/Graduation Project
-logFile
Logs/AssetImportWorker0.log
-srvPort
65152
Successfully changed project path to: E:/Unity Projects/Graduation Project
E:/Unity Projects/Graduation Project
Using Asset Import Pipeline V2.
Refreshing native plugins compatible for Editor in 88.03 ms, found 3 plugins.
Preloading 0 native plugins for Editor in 0.00 ms.
Initialize engine version: 2020.3.12f1 (b3b2c6512326)
[Subsystems] Discovering subsystems at path C:/Program Files/Unity/Hub/Editor/2020.3.12f1/Editor/Data/Resources/UnitySubsystems
[Subsystems] Discovering subsystems at path E:/Unity Projects/Graduation Project/Assets
GfxDevice: creating device client; threaded=0
Direct3D:
    Version:  Direct3D 11.0 [level 11.1]
    Renderer: NVIDIA GeForce GT 1030 (ID=0x1d01)
    Vendor:   
    VRAM:     1982 MB
    Driver:   27.21.14.5671
Initialize mono
Mono path[0] = 'C:/Program Files/Unity/Hub/Editor/2020.3.12f1/Editor/Data/Managed'
Mono path[1] = 'C:/Program Files/Unity/Hub/Editor/2020.3.12f1/Editor/Data/MonoBleedingEdge/lib/mono/unityjit'
Mono config path = 'C:/Program Files/Unity/Hub/Editor/2020.3.12f1/Editor/Data/MonoBleedingEdge/etc'
Using monoOptions --debugger-agent=transport=dt_socket,embedding=1,server=y,suspend=n,address=127.0.0.1:56172
Begin MonoManager ReloadAssembly
Registering precompiled unity dll's ...
Register platform support module: C:/Program Files/Unity/Hub/Editor/2020.3.12f1/Editor/Data/PlaybackEngines/WindowsStandaloneSupport/UnityEditor.WindowsStandalone.Extensions.dll
Registered in 0.003272 seconds.
Native extension for WindowsStandalone target not found
Refreshing native plugins compatible for Editor in 104.84 ms, found 3 plugins.
Preloading 0 native plugins for Editor in 0.00 ms.
Mono: successfully reloaded assembly
- Completed reload, in  2.380 seconds
Platform modules already initialized, skipping
Registering precompiled user dll's ...
Registered in 0.007228 seconds.
Begin MonoManager ReloadAssembly
Native extension for WindowsStandalone target not found
Refreshing native plugins compatible for Editor in 80.99 ms, found 3 plugins.
Preloading 0 native plugins for Editor in 0.00 ms.
Mono: successfully reloaded assembly
- Completed reload, in  2.284 seconds
Platform modules already initialized, skipping
========================================================================
Worker process is ready to serve import requests
Launched and connected shader compiler UnityShaderCompiler.exe after 0.07 seconds
Refreshing native plugins compatible for Editor in 0.94 ms, found 3 plugins.
Preloading 0 native plugins for Editor in 0.00 ms.
Unloading 2149 Unused Serialized files (Serialized files now loaded: 0)
System memory in use before: 96.7 MB.
System memory in use after: 96.6 MB.

Unloading 35 unused Assets to reduce memory usage. Loaded Objects now: 2586.
Total: 4.667000 ms (FindLiveObjects: 0.437600 ms CreateObjectMapping: 0.145000 ms MarkObjects: 3.801100 ms  DeleteObjects: 0.281100 ms)

AssetImportParameters requested are different than current active one (requested -> active):
  custom:framework-win-MediaFoundation: 216162199b28c13a410421893ffa2e32 -> 
  custom:video-decoder-ogg-theora: a1e56fd34408186e4bbccfd4996cb3dc -> 
  custom:container-muxer-webm: aa71ff27fc2769a1b78a27578f13a17b -> 
  custom:container-demuxer-webm: 4f35f7cbe854078d1ac9338744f61a02 -> 
  custom:container-demuxer-ogg: 62fdf1f143b41e24485cea50d1cbac27 -> 
  custom:video-encoder-webm-vp8: eb34c28f22e8b96e1ab97ce403110664 -> 
  custom:video-decoder-webm-vp8: 9c59270c3fd7afecdb556c50c9e8de78 -> 
  custom:audio-decoder-ogg-vorbis: bf7c407c2cedff20999df2af8eb42d56 -> 
  custom:audio-encoder-webm-vorbis: bf7c407c2cedff20999df2af8eb42d56 -> 
========================================================================
Received Import Request.
  path: Assets/Sprites/Background/tunnel.jpg
  artifactKey: Guid(0036109c861bf3f43ad793c89956814f) Importer(815301076,1909f56bfc062723c751e8b465ee728b)
Start importing Assets/Sprites/Background/tunnel.jpg using Guid(0036109c861bf3f43ad793c89956814f) Importer(815301076,1909f56bfc062723c751e8b465ee728b)  -> (artifact id: 'c5a7e855c46c903078148fa8a34d96c4') in 0.165531 seconds 
  Import took 0.171867 seconds .

========================================================================
Received Import Request.
  Time since last request: 18.583994 seconds.
  path: Assets/Sprites/Background/tunnel.jpg
  artifactKey: Guid(0036109c861bf3f43ad793c89956814f) Importer(815301076,1909f56bfc062723c751e8b465ee728b)
Start importing Assets/Sprites/Background/tunnel.jpg using Guid(0036109c861bf3f43ad793c89956814f) Importer(815301076,1909f56bfc062723c751e8b465ee728b)  -> (artifact id: '1e4457f2562e8a1e364a01d1a344bba5') in 0.025328 seconds 
  Import took 0.030867 seconds .

========================================================================
Received Import Request.
  Time since last request: 0.006223 seconds.
  path: Assets/Sprites/Background/tunnel.jpg
  artifactKey: Guid(0036109c861bf3f43ad793c89956814f) Importer(815301076,1909f56bfc062723c751e8b465ee728b)
Start importing Assets/Sprites/Background/tunnel.jpg using Guid(0036109c861bf3f43ad793c89956814f) Importer(815301076,1909f56bfc062723c751e8b465ee728b)  -> (artifact id: '1e4457f2562e8a1e364a01d1a344bba5') in 0.016570 seconds 
  Import took 0.023946 seconds .

========================================================================
Received Import Request.
  Time since last request: 3.907793 seconds.
  path: Assets/Sprites/Background/tunnel.jpg
  artifactKey: Guid(0036109c861bf3f43ad793c89956814f) Importer(815301076,1909f56bfc062723c751e8b465ee728b)
Start importing Assets/Sprites/Background/tunnel.jpg using Guid(0036109c861bf3f43ad793c89956814f) Importer(815301076,1909f56bfc062723c751e8b465ee728b)  -> (artifact id: '3569c86d4ad9de4466df3ba64700aedf') in 0.018272 seconds 
  Import took 0.025682 seconds .

========================================================================
Received Import Request.
  Time since last request: 5.263232 seconds.
  path: Assets/Sprites/Background/tunnel.jpg
  artifactKey: Guid(0036109c861bf3f43ad793c89956814f) Importer(815301076,1909f56bfc062723c751e8b465ee728b)
Start importing Assets/Sprites/Background/tunnel.jpg using Guid(0036109c861bf3f43ad793c89956814f) Importer(815301076,1909f56bfc062723c751e8b465ee728b)  -> (artifact id: 'fb10c50016f2bd2cfc259900f45a42c8') in 0.013813 seconds 
  Import took 0.021483 seconds .

========================================================================
Received Import Request.
  Time since last request: 3.264284 seconds.
  path: Assets/Sprites/Background/tunnel.jpg
  artifactKey: Guid(0036109c861bf3f43ad793c89956814f) Importer(815301076,1909f56bfc062723c751e8b465ee728b)
Start importing Assets/Sprites/Background/tunnel.jpg using Guid(0036109c861bf3f43ad793c89956814f) Importer(815301076,1909f56bfc062723c751e8b465ee728b)  -> (artifact id: '3d748951b5c072dc22e53676b406991a') in 0.026903 seconds 
  Import took 0.033141 seconds .

========================================================================
Received Import Request.
  Time since last request: 17.848606 seconds.
  path: Assets/Sprites/Background/tunnel.jpg
  artifactKey: Guid(0036109c861bf3f43ad793c89956814f) Importer(815301076,1909f56bfc062723c751e8b465ee728b)
Start importing Assets/Sprites/Background/tunnel.jpg using Guid(0036109c861bf3f43ad793c89956814f) Importer(815301076,1909f56bfc062723c751e8b465ee728b)  -> (artifact id: '95b9a157bd8ee1fd370e57705f4a3db4') in 0.028803 seconds 
  Import took 0.035009 seconds .

========================================================================
Received Import Request.
  Time since last request: 0.001807 seconds.
  path: Assets/Sprites/Background/tunnel.jpg
  artifactKey: Guid(0036109c861bf3f43ad793c89956814f) Importer(815301076,1909f56bfc062723c751e8b465ee728b)
Start importing Assets/Sprites/Background/tunnel.jpg using Guid(0036109c861bf3f43ad793c89956814f) Importer(815301076,1909f56bfc062723c751e8b465ee728b)  -> (artifact id: '95b9a157bd8ee1fd370e57705f4a3db4') in 0.016931 seconds 
  Import took 0.025553 seconds .

========================================================================
Received Import Request.
  Time since last request: 15.621649 seconds.
  path: Assets/Sprites/Background/tunnel.jpg
  artifactKey: Guid(0036109c861bf3f43ad793c89956814f) Importer(815301076,1909f56bfc062723c751e8b465ee728b)
Start importing Assets/Sprites/Background/tunnel.jpg using Guid(0036109c861bf3f43ad793c89956814f) Importer(815301076,1909f56bfc062723c751e8b465ee728b)  -> (artifact id: '06d166414ba8e0df60ce3bdefa167892') in 0.042288 seconds 
  Import took 0.049260 seconds .

========================================================================
Received Import Request.
  Time since last request: 9.015628 seconds.
  path: Assets/Sprites/Background/tunnel.jpg
  artifactKey: Guid(0036109c861bf3f43ad793c89956814f) Importer(815301076,1909f56bfc062723c751e8b465ee728b)
Start importing Assets/Sprites/Background/tunnel.jpg using Guid(0036109c861bf3f43ad793c89956814f) Importer(815301076,1909f56bfc062723c751e8b465ee728b)  -> (artifact id: 'a9601416590ca76c3e7fd4338713fa75') in 0.016414 seconds 
  Import took 0.022935 seconds .

========================================================================
Received Import Request.
  Time since last request: 0.016123 seconds.
  path: Assets/Sprites/Background/tunnel.jpg
  artifactKey: Guid(0036109c861bf3f43ad793c89956814f) Importer(815301076,1909f56bfc062723c751e8b465ee728b)
Start importing Assets/Sprites/Background/tunnel.jpg using Guid(0036109c861bf3f43ad793c89956814f) Importer(815301076,1909f56bfc062723c751e8b465ee728b)  -> (artifact id: 'a9601416590ca76c3e7fd4338713fa75') in 0.018888 seconds 
  Import took 0.026031 seconds .

========================================================================
Received Prepare
Registering precompiled user dll's ...
Registered in 0.010032 seconds.
Begin MonoManager ReloadAssembly
Native extension for WindowsStandalone target not found
Refreshing native plugins compatible for Editor in 0.91 ms, found 3 plugins.
Preloading 0 native plugins for Editor in 0.00 ms.
Mono: successfully reloaded assembly
- Completed reload, in  2.725 seconds
Platform modules already initialized, skipping
Switching build target platform(19) subTarget(0) extendedPlatform(0) -> platform(13) subTarget(537395200) extendedPlatform(0)
Refreshing native plugins compatible for Editor in 1.15 ms, found 3 plugins.
Preloading 0 native plugins for Editor in 0.00 ms.
Unloading 2134 Unused Serialized files (Serialized files now loaded: 0)
System memory in use before: 98.2 MB.
System memory in use after: 98.1 MB.

Unloading 23 unused Assets to reduce memory usage. Loaded Objects now: 2596.
Total: 4.549200 ms (FindLiveObjects: 0.579100 ms CreateObjectMapping: 0.131000 ms MarkObjects: 3.621900 ms  DeleteObjects: 0.214600 ms)

AssetImportParameters requested are different than current active one (requested -> active):
  custom:framework-win-MediaFoundation: 216162199b28c13a410421893ffa2e32 -> 
  custom:video-decoder-ogg-theora: a1e56fd34408186e4bbccfd4996cb3dc -> 
  custom:container-muxer-webm: aa71ff27fc2769a1b78a27578f13a17b -> 
  custom:container-demuxer-webm: 4f35f7cbe854078d1ac9338744f61a02 -> 
  custom:container-demuxer-ogg: 62fdf1f143b41e24485cea50d1cbac27 -> 
  custom:video-encoder-webm-vp8: eb34c28f22e8b96e1ab97ce403110664 -> 
  custom:video-decoder-webm-vp8: 9c59270c3fd7afecdb556c50c9e8de78 -> 
  custom:graphics/normal-map-encoding: 01000000000000000000000000000000 -> 02000000000000000000000000000000
  custom:audio-decoder-ogg-vorbis: bf7c407c2cedff20999df2af8eb42d56 -> 
  custom:audio-encoder-webm-vorbis: bf7c407c2cedff20999df2af8eb42d56 -> 
========================================================================
Received Import Request.
  Time since last request: 89.813629 seconds.
  path: Assets/Scenes/MainMenu.unity
  artifactKey: Guid(5add86e737ce8e9408531589b48f9c90) Importer(815301076,1909f56bfc062723c751e8b465ee728b)
Start importing Assets/Scenes/MainMenu.unity using Guid(5add86e737ce8e9408531589b48f9c90) Importer(815301076,1909f56bfc062723c751e8b465ee728b)  -> (artifact id: '8a0fd9e721da1a5ba615a63259c58629') in 0.038045 seconds 
  Import took 0.044852 seconds .

========================================================================
Received Import Request.
  Time since last request: 44.162933 seconds.
  path: Assets/Sprites/Background/istockphoto-851851784-612x612.jpg
  artifactKey: Guid(4a511d63a2da48346ad885a39aeeb345) Importer(815301076,1909f56bfc062723c751e8b465ee728b)
Start importing Assets/Sprites/Background/istockphoto-851851784-612x612.jpg using Guid(4a511d63a2da48346ad885a39aeeb345) Importer(815301076,1909f56bfc062723c751e8b465ee728b)  -> (artifact id: '25b75a64c7ab4572aa1847b702fbaab7') in 0.085401 seconds 
  Import took 0.091907 seconds .

========================================================================
Received Import Request.
  Time since last request: 22.592177 seconds.
  path: Assets/Sprites/Background/MainMenuBackgorund.jpg
  artifactKey: Guid(4a511d63a2da48346ad885a39aeeb345) Importer(815301076,1909f56bfc062723c751e8b465ee728b)
Start importing Assets/Sprites/Background/MainMenuBackgorund.jpg using Guid(4a511d63a2da48346ad885a39aeeb345) Importer(815301076,1909f56bfc062723c751e8b465ee728b)  -> (artifact id: 'd47eeda9acd3b4254ef4c31d5d8e284c') in 0.029959 seconds 
  Import took 0.035809 seconds .

========================================================================
Received Import Request.
  Time since last request: 5.235930 seconds.
  path: Assets/Sprites/Background/GameBackground.jpg
  artifactKey: Guid(0036109c861bf3f43ad793c89956814f) Importer(815301076,1909f56bfc062723c751e8b465ee728b)
Start importing Assets/Sprites/Background/GameBackground.jpg using Guid(0036109c861bf3f43ad793c89956814f) Importer(815301076,1909f56bfc062723c751e8b465ee728b)  -> (artifact id: '6d55db8df03d4029d5a758d568e6d086') in 0.012703 seconds 
  Import took 0.018308 seconds .

========================================================================
Received Import Request.
  Time since last request: 0.001594 seconds.
  path: Assets/Sprites/Background/GameBackground.jpg
  artifactKey: Guid(0036109c861bf3f43ad793c89956814f) Importer(815301076,1909f56bfc062723c751e8b465ee728b)
Start importing Assets/Sprites/Background/GameBackground.jpg using Guid(0036109c861bf3f43ad793c89956814f) Importer(815301076,1909f56bfc062723c751e8b465ee728b)  -> (artifact id: '6d55db8df03d4029d5a758d568e6d086') in 0.012968 seconds 
  Import took 0.022475 seconds .

========================================================================
Received Import Request.
  Time since last request: 223.026655 seconds.
  path: Assets/Audio
  artifactKey: Guid(2f2ef0e6abe4f134195c63f1f9737059) Importer(815301076,1909f56bfc062723c751e8b465ee728b)
Start importing Assets/Audio using Guid(2f2ef0e6abe4f134195c63f1f9737059) Importer(815301076,1909f56bfc062723c751e8b465ee728b)  -> (artifact id: '3764c6c0a0984fe4199d329a6e912334') in 0.002413 seconds 
  Import took 0.021101 seconds .

========================================================================
Received Import Request.
  Time since last request: 252.204077 seconds.
  path: Assets/Audio/628213__josefpres__bass-loops-033-with-drums-long-loop-120-bpm.wav
  artifactKey: Guid(d076ec9ef357f2f49a48fc4a42a7898e) Importer(815301076,1909f56bfc062723c751e8b465ee728b)
Start importing Assets/Audio/628213__josefpres__bass-loops-033-with-drums-long-loop-120-bpm.wav using Guid(d076ec9ef357f2f49a48fc4a42a7898e) Importer(815301076,1909f56bfc062723c751e8b465ee728b)  -> (artifact id: '0f4320bbf6ce67ef74cca4428937bf69') in 0.051222 seconds 
  Import took 0.490245 seconds .

========================================================================
Received Import Request.
  Time since last request: 0.000424 seconds.
  path: Assets/Audio/628864__erokia__ub-e-36-msfxp11-66-synth-loop-90-bpm-6.flac
  artifactKey: Guid(0b798e6c929593a439f4d877c9b27581) Importer(815301076,1909f56bfc062723c751e8b465ee728b)
Start importing Assets/Audio/628864__erokia__ub-e-36-msfxp11-66-synth-loop-90-bpm-6.flac using Guid(0b798e6c929593a439f4d877c9b27581) Importer(815301076,1909f56bfc062723c751e8b465ee728b)  -> (artifact id: 'f892ea4033f2e962b8fc20cdd3024ded') in 0.026475 seconds 
  Import took 0.050424 seconds .

========================================================================
Received Import Request.
  Time since last request: 16.678085 seconds.
  path: Assets/Audio/GameMusic.flac
  artifactKey: Guid(0b798e6c929593a439f4d877c9b27581) Importer(815301076,1909f56bfc062723c751e8b465ee728b)
Start importing Assets/Audio/GameMusic.flac using Guid(0b798e6c929593a439f4d877c9b27581) Importer(815301076,1909f56bfc062723c751e8b465ee728b)  -> (artifact id: 'b617e1d298c5b33c921be87c17e894d0') in 0.016710 seconds 
  Import took 0.034140 seconds .

========================================================================
Received Import Request.
  Time since last request: 11.805498 seconds.
  path: Assets/Audio/MainMenuMusic.wav
  artifactKey: Guid(d076ec9ef357f2f49a48fc4a42a7898e) Importer(815301076,1909f56bfc062723c751e8b465ee728b)
Start importing Assets/Audio/MainMenuMusic.wav using Guid(d076ec9ef357f2f49a48fc4a42a7898e) Importer(815301076,1909f56bfc062723c751e8b465ee728b)  -> (artifact id: '4d26a817fa71798a8db1c92344932826') in 0.014090 seconds 
  Import took 0.025345 seconds .

========================================================================
Received Import Request.
  Time since last request: 484.921407 seconds.
  path: Assets/Scenes/MainMenu.unity
  artifactKey: Guid(5add86e737ce8e9408531589b48f9c90) Importer(815301076,1909f56bfc062723c751e8b465ee728b)
Start importing Assets/Scenes/MainMenu.unity using Guid(5add86e737ce8e9408531589b48f9c90) Importer(815301076,1909f56bfc062723c751e8b465ee728b)  -> (artifact id: '65be890be8ec9d47943830d4b66263b6') in 0.003230 seconds 
  Import took 0.033317 seconds .

========================================================================
Received Import Request.
  Time since last request: 4.017528 seconds.
  path: Assets/Scenes/Game.unity
  artifactKey: Guid(2cda990e2423bbf4892e6590ba056729) Importer(815301076,1909f56bfc062723c751e8b465ee728b)
Start importing Assets/Scenes/Game.unity using Guid(2cda990e2423bbf4892e6590ba056729) Importer(815301076,1909f56bfc062723c751e8b465ee728b)  -> (artifact id: '6f50e1a5a2fe13aed882ae26ce0d8d6a') in 0.003390 seconds 
  Import took 0.022590 seconds .

========================================================================
Received Prepare
Registering precompiled user dll's ...
Registered in 0.006960 seconds.
Begin MonoManager ReloadAssembly
Native extension for WindowsStandalone target not found
Refreshing native plugins compatible for Editor in 0.91 ms, found 3 plugins.
Preloading 0 native plugins for Editor in 0.00 ms.
Mono: successfully reloaded assembly
- Completed reload, in  2.643 seconds
Platform modules already initialized, skipping
Switching build target platform(19) subTarget(0) extendedPlatform(0) -> platform(13) subTarget(537395200) extendedPlatform(0)
Refreshing native plugins compatible for Editor in 1.11 ms, found 3 plugins.
Preloading 0 native plugins for Editor in 0.00 ms.
Unloading 2134 Unused Serialized files (Serialized files now loaded: 0)
System memory in use before: 98.3 MB.
System memory in use after: 98.3 MB.

Unloading 23 unused Assets to reduce memory usage. Loaded Objects now: 2608.
Total: 5.748300 ms (FindLiveObjects: 0.434400 ms CreateObjectMapping: 0.132800 ms MarkObjects: 4.919100 ms  DeleteObjects: 0.258900 ms)

AssetImportParameters requested are different than current active one (requested -> active):
  custom:framework-win-MediaFoundation: 216162199b28c13a410421893ffa2e32 -> 
  custom:video-decoder-ogg-theora: a1e56fd34408186e4bbccfd4996cb3dc -> 
  custom:container-muxer-webm: aa71ff27fc2769a1b78a27578f13a17b -> 
  custom:container-demuxer-webm: 4f35f7cbe854078d1ac9338744f61a02 -> 
  custom:container-demuxer-ogg: 62fdf1f143b41e24485cea50d1cbac27 -> 
  custom:video-encoder-webm-vp8: eb34c28f22e8b96e1ab97ce403110664 -> 
  custom:video-decoder-webm-vp8: 9c59270c3fd7afecdb556c50c9e8de78 -> 
  custom:graphics/normal-map-encoding: 01000000000000000000000000000000 -> 02000000000000000000000000000000
  custom:audio-decoder-ogg-vorbis: bf7c407c2cedff20999df2af8eb42d56 -> 
  custom:audio-encoder-webm-vorbis: bf7c407c2cedff20999df2af8eb42d56 -> 
========================================================================
Received Prepare
Registering precompiled user dll's ...
Registered in 0.008952 seconds.
Begin MonoManager ReloadAssembly
Native extension for WindowsStandalone target not found
Refreshing native plugins compatible for Editor in 2.89 ms, found 3 plugins.
Preloading 0 native plugins for Editor in 0.00 ms.
Mono: successfully reloaded assembly
- Completed reload, in  2.986 seconds
Platform modules already initialized, skipping
Switching build target platform(19) subTarget(0) extendedPlatform(0) -> platform(13) subTarget(537395200) extendedPlatform(0)
Refreshing native plugins compatible for Editor in 1.83 ms, found 3 plugins.
Preloading 0 native plugins for Editor in 0.00 ms.
Unloading 2134 Unused Serialized files (Serialized files now loaded: 0)
System memory in use before: 98.3 MB.
System memory in use after: 98.3 MB.

Unloading 23 unused Assets to reduce memory usage. Loaded Objects now: 2612.
Total: 6.622900 ms (FindLiveObjects: 0.630200 ms CreateObjectMapping: 0.382800 ms MarkObjects: 5.128600 ms  DeleteObjects: 0.478400 ms)

AssetImportParameters requested are different than current active one (requested -> active):
  custom:framework-win-MediaFoundation: 216162199b28c13a410421893ffa2e32 -> 
  custom:video-decoder-ogg-theora: a1e56fd34408186e4bbccfd4996cb3dc -> 
  custom:container-muxer-webm: aa71ff27fc2769a1b78a27578f13a17b -> 
  custom:container-demuxer-webm: 4f35f7cbe854078d1ac9338744f61a02 -> 
  custom:container-demuxer-ogg: 62fdf1f143b41e24485cea50d1cbac27 -> 
  custom:video-encoder-webm-vp8: eb34c28f22e8b96e1ab97ce403110664 -> 
  custom:video-decoder-webm-vp8: 9c59270c3fd7afecdb556c50c9e8de78 -> 
  custom:graphics/normal-map-encoding: 01000000000000000000000000000000 -> 02000000000000000000000000000000
  custom:audio-decoder-ogg-vorbis: bf7c407c2cedff20999df2af8eb42d56 -> 
  custom:audio-encoder-webm-vorbis: bf7c407c2cedff20999df2af8eb42d56 -> 
========================================================================
Received Import Request.
  Time since last request: 697.080092 seconds.
  path: Assets/Scenes/Game.unity
  artifactKey: Guid(2cda990e2423bbf4892e6590ba056729) Importer(815301076,1909f56bfc062723c751e8b465ee728b)
Start importing Assets/Scenes/Game.unity using Guid(2cda990e2423bbf4892e6590ba056729) Importer(815301076,1909f56bfc062723c751e8b465ee728b)  -> (artifact id: 'b47070ef2df635db1d8030bf9b4a1402') in 0.021322 seconds 
  Import took 0.445490 seconds .

========================================================================
Received Prepare
Registering precompiled user dll's ...
Registered in 0.005313 seconds.
Begin MonoManager ReloadAssembly
Native extension for WindowsStandalone target not found
Refreshing native plugins compatible for Editor in 1.87 ms, found 3 plugins.
Preloading 0 native plugins for Editor in 0.00 ms.
Mono: successfully reloaded assembly
- Completed reload, in  3.358 seconds
Platform modules already initialized, skipping
Switching build target platform(19) subTarget(0) extendedPlatform(0) -> platform(13) subTarget(537395200) extendedPlatform(0)
Refreshing native plugins compatible for Editor in 2.89 ms, found 3 plugins.
Preloading 0 native plugins for Editor in 0.00 ms.
Unloading 2134 Unused Serialized files (Serialized files now loaded: 0)
System memory in use before: 98.3 MB.
System memory in use after: 98.3 MB.

Unloading 23 unused Assets to reduce memory usage. Loaded Objects now: 2616.
Total: 5.290200 ms (FindLiveObjects: 0.672600 ms CreateObjectMapping: 0.120400 ms MarkObjects: 4.276600 ms  DeleteObjects: 0.218100 ms)

AssetImportParameters requested are different than current active one (requested -> active):
  custom:framework-win-MediaFoundation: 216162199b28c13a410421893ffa2e32 -> 
  custom:video-decoder-ogg-theora: a1e56fd34408186e4bbccfd4996cb3dc -> 
  custom:container-muxer-webm: aa71ff27fc2769a1b78a27578f13a17b -> 
  custom:container-demuxer-webm: 4f35f7cbe854078d1ac9338744f61a02 -> 
  custom:container-demuxer-ogg: 62fdf1f143b41e24485cea50d1cbac27 -> 
  custom:video-encoder-webm-vp8: eb34c28f22e8b96e1ab97ce403110664 -> 
  custom:video-decoder-webm-vp8: 9c59270c3fd7afecdb556c50c9e8de78 -> 
  custom:graphics/normal-map-encoding: 01000000000000000000000000000000 -> 02000000000000000000000000000000
  custom:audio-decoder-ogg-vorbis: bf7c407c2cedff20999df2af8eb42d56 -> 
  custom:audio-encoder-webm-vorbis: bf7c407c2cedff20999df2af8eb42d56 -> 
